# JRE version: OpenJDK Runtime Environment JBR-11.0.11.9-1504.16-jcef (11.0.11+9) (build 11.0.11+9-b1504.16)
# Java VM: OpenJDK 64-Bit Server VM JBR-11.0.11.9-1504.16-jcef (11.0.11+9-b1504.16, mixed mode, tiered, compressed oops, g1 gc, windows-amd64)
Heap:
 garbage-first heap   total 1209344K, used 160330K [0x0000000080000000, 0x0000000100000000)
  region size 1024K, 3 young (3072K), 3 survivors (3072K)
 Metaspace       used 89568K, capacity 91913K, committed 92032K, reserved 1128448K
  class space    used 11493K, capacity 12382K, committed 12416K, reserved 1048576K
GC Heap History (20 events):
Event: 383.717 GC heap after
{Heap after GC invocations=180 (full 0):
 garbage-first heap   total 616448K, used 155447K [0x0000000080000000, 0x0000000100000000)
  region size 1024K, 1 young (1024K), 1 survivors (1024K)
 Metaspace       used 89562K, capacity 91913K, committed 92032K, reserved 1128448K
  class space    used 11493K, capacity 12382K, committed 12416K, reserved 1048576K
}
Event: 385.121 GC heap before
{Heap before GC invocations=180 (full 0):
 garbage-first heap   total 616448K, used 185143K [0x0000000080000000, 0x0000000100000000)
  region size 1024K, 30 young (30720K), 1 survivors (1024K)
 Metaspace       used 89566K, capacity 91913K, committed 92032K, reserved 1128448K
  class space    used 11493K, capacity 12382K, committed 12416K, reserved 1048576K
}
Event: 385.145 GC heap after
{Heap after GC invocations=181 (full 0):
 garbage-first heap   total 616448K, used 156182K [0x0000000080000000, 0x0000000100000000)
  region size 1024K, 2 young (2048K), 2 survivors (2048K)
 Metaspace       used 89566K, capacity 91913K, committed 92032K, reserved 1128448K
  class space    used 11493K, capacity 12382K, committed 12416K, reserved 1048576K
}
Event: 390.134 GC heap before
{Heap before GC invocations=181 (full 0):
 garbage-first heap   total 616448K, used 184854K [0x0000000080000000, 0x0000000100000000)
  region size 1024K, 30 young (30720K), 2 survivors (2048K)
 Metaspace       used 89568K, capacity 91913K, committed 92032K, reserved 1128448K
  class space    used 11493K, capacity 12382K, committed 12416K, reserved 1048576K
}
Event: 390.144 GC heap after
{Heap after GC invocations=182 (full 0):
 garbage-first heap   total 616448K, used 156313K [0x0000000080000000, 0x0000000100000000)
  region size 1024K, 2 young (2048K), 2 survivors (2048K)
 Metaspace       used 89568K, capacity 91913K, committed 92032K, reserved 1128448K
  class space    used 11493K, capacity 12382K, committed 12416K, reserved 1048576K
}
Event: 390.755 GC heap before
{Heap before GC invocations=182 (full 0):
 garbage-first heap   total 616448K, used 184985K [0x0000000080000000, 0x0000000100000000)
  region size 1024K, 30 young (30720K), 2 survivors (2048K)
 Metaspace       used 89568K, capacity 91913K, committed 92032K, reserved 1128448K
  class space    used 11493K, capacity 12382K, committed 12416K, reserved 1048576K
}
Event: 390.766 GC heap after
{Heap after GC invocations=183 (full 0):
 garbage-first heap   total 616448K, used 156832K [0x0000000080000000, 0x0000000100000000)
  region size 1024K, 3 young (3072K), 3 survivors (3072K)
 Metaspace       used 89568K, capacity 91913K, committed 92032K, reserved 1128448K
  class space    used 11493K, capacity 12382K, committed 12416K, reserved 1048576K
}
Event: 391.717 GC heap before
{Heap before GC invocations=183 (full 0):
 garbage-first heap   total 616448K, used 184480K [0x0000000080000000, 0x0000000100000000)
  region size 1024K, 30 young (30720K), 3 survivors (3072K)
 Metaspace       used 89568K, capacity 91913K, committed 92032K, reserved 1128448K
  class space    used 11493K, capacity 12382K, committed 12416K, reserved 1048576K
}
Event: 392.246 GC heap after
{Heap after GC invocations=184 (full 0):
 garbage-first heap   total 616448K, used 157169K [0x0000000080000000, 0x0000000100000000)
  region size 1024K, 2 young (2048K), 2 survivors (2048K)
 Metaspace       used 89568K, capacity 91913K, committed 92032K, reserved 1128448K
  class space    used 11493K, capacity 12382K, committed 12416K, reserved 1048576K
}
Event: 392.895 GC heap before
{Heap before GC invocations=184 (full 0):
 garbage-first heap   total 616448K, used 185841K [0x0000000080000000, 0x0000000100000000)
  region size 1024K, 30 young (30720K), 2 survivors (2048K)
 Metaspace       used 89568K, capacity 91913K, committed 92032K, reserved 1128448K
  class space    used 11493K, capacity 12382K, committed 12416K, reserved 1048576K
}
Event: 392.906 GC heap after
{Heap after GC invocations=185 (full 0):
 garbage-first heap   total 616448K, used 157902K [0x0000000080000000, 0x0000000100000000)
  region size 1024K, 3 young (3072K), 3 survivors (3072K)
 Metaspace       used 89568K, capacity 91913K, committed 92032K, reserved 1128448K
  class space    used 11493K, capacity 12382K, committed 12416K, reserved 1048576K
}
Event: 393.697 GC heap before
{Heap before GC invocations=185 (full 0):
 garbage-first heap   total 616448K, used 185550K [0x0000000080000000, 0x0000000100000000)
  region size 1024K, 30 young (30720K), 3 survivors (3072K)
 Metaspace       used 89568K, capacity 91913K, committed 92032K, reserved 1128448K
  class space    used 11493K, capacity 12382K, committed 12416K, reserved 1048576K
}
Event: 393.934 GC heap after
{Heap after GC invocations=186 (full 0):
 garbage-first heap   total 616448K, used 158344K [0x0000000080000000, 0x0000000100000000)
  region size 1024K, 3 young (3072K), 3 survivors (3072K)
 Metaspace       used 89568K, capacity 91913K, committed 92032K, reserved 1128448K
  class space    used 11493K, capacity 12382K, committed 12416K, reserved 1048576K
}
Event: 394.283 GC heap before
{Heap before GC invocations=186 (full 0):
 garbage-first heap   total 616448K, used 185992K [0x0000000080000000, 0x0000000100000000)
  region size 1024K, 30 young (30720K), 3 survivors (3072K)
 Metaspace       used 89568K, capacity 91913K, committed 92032K, reserved 1128448K
  class space    used 11493K, capacity 12382K, committed 12416K, reserved 1048576K
}
Event: 394.354 GC heap after
{Heap after GC invocations=187 (full 0):
 garbage-first heap   total 616448K, used 158734K [0x0000000080000000, 0x0000000100000000)
  region size 1024K, 3 young (3072K), 3 survivors (3072K)
 Metaspace       used 89568K, capacity 91913K, committed 92032K, reserved 1128448K
  class space    used 11493K, capacity 12382K, committed 12416K, reserved 1048576K
}
Event: 394.636 GC heap before
{Heap before GC invocations=187 (full 0):
 garbage-first heap   total 616448K, used 186382K [0x0000000080000000, 0x0000000100000000)
  region size 1024K, 30 young (30720K), 3 survivors (3072K)
 Metaspace       used 89568K, capacity 91913K, committed 92032K, reserved 1128448K
  class space    used 11493K, capacity 12382K, committed 12416K, reserved 1048576K
}
Event: 394.936 GC heap after
{Heap after GC invocations=188 (full 0):
 garbage-first heap   total 616448K, used 159142K [0x0000000080000000, 0x0000000100000000)
  region size 1024K, 3 young (3072K), 3 survivors (3072K)
 Metaspace       used 89568K, capacity 91913K, committed 92032K, reserved 1128448K
  class space    used 11493K, capacity 12382K, committed 12416K, reserved 1048576K
}
Event: 395.248 GC heap before
{Heap before GC invocations=188 (full 0):
 garbage-first heap   total 616448K, used 186790K [0x0000000080000000, 0x0000000100000000)
  region size 1024K, 30 young (30720K), 3 survivors (3072K)
 Metaspace       used 89568K, capacity 91913K, committed 92032K, reserved 1128448K
  class space    used 11493K, capacity 12382K, committed 12416K, reserved 1048576K
}
Event: 395.435 GC heap after
{Heap after GC invocations=189 (full 0):
 garbage-first heap   total 616448K, used 159608K [0x0000000080000000, 0x0000000100000000)
  region size 1024K, 3 young (3072K), 3 survivors (3072K)
 Metaspace       used 89568K, capacity 91913K, committed 92032K, reserved 1128448K
  class space    used 11493K, capacity 12382K, committed 12416K, reserved 1048576K
}
Event: 395.847 GC heap before
{Heap before GC invocations=189 (full 0):
 garbage-first heap   total 616448K, used 187256K [0x0000000080000000, 0x0000000100000000)
  region size 1024K, 30 young (30720K), 3 survivors (3072K)
 Metaspace       used 89568K, capacity 91913K, committed 92032K, reserved 1128448K
  class space    used 11493K, capacity 12382K, committed 12416K, reserved 1048576K
}

